[2024-11-02T19:26:01.799+0000] {local_task_job_runner.py:123} INFO - ::group::Pre task execution logs
[2024-11-02T19:26:01.815+0000] {taskinstance.py:2612} INFO - Dependencies all met for dep_context=non-requeueable deps ti=<TaskInstance: extract_load_data.extract_stock_price manual__2024-11-02T19:25:59.648845+00:00 [queued]>
[2024-11-02T19:26:01.825+0000] {taskinstance.py:2612} INFO - Dependencies all met for dep_context=requeueable deps ti=<TaskInstance: extract_load_data.extract_stock_price manual__2024-11-02T19:25:59.648845+00:00 [queued]>
[2024-11-02T19:26:01.825+0000] {taskinstance.py:2865} INFO - Starting attempt 1 of 1
[2024-11-02T19:26:01.843+0000] {taskinstance.py:2888} INFO - Executing <Task(_PythonDecoratedOperator): extract_stock_price> on 2024-11-02 19:25:59.648845+00:00
[2024-11-02T19:26:01.851+0000] {warnings.py:112} WARNING - /home/***/.local/lib/python3.12/site-packages/***/task/task_runner/standard_task_runner.py:70: DeprecationWarning: This process (pid=512) is multi-threaded, use of fork() may lead to deadlocks in the child.
  pid = os.fork()

[2024-11-02T19:26:01.854+0000] {standard_task_runner.py:72} INFO - Started process 514 to run task
[2024-11-02T19:26:01.853+0000] {standard_task_runner.py:104} INFO - Running: ['***', 'tasks', 'run', 'extract_load_data', 'extract_stock_price', 'manual__2024-11-02T19:25:59.648845+00:00', '--job-id', '23', '--raw', '--subdir', 'DAGS_FOLDER/extract_load_data.py', '--cfg-path', '/tmp/tmpfl38xhc6']
[2024-11-02T19:26:01.856+0000] {standard_task_runner.py:105} INFO - Job 23: Subtask extract_stock_price
[2024-11-02T19:26:01.913+0000] {task_command.py:467} INFO - Running <TaskInstance: extract_load_data.extract_stock_price manual__2024-11-02T19:25:59.648845+00:00 [running]> on host b08ab6761509
[2024-11-02T19:26:02.008+0000] {taskinstance.py:3131} INFO - Exporting env vars: AIRFLOW_CTX_DAG_OWNER='***' AIRFLOW_CTX_DAG_ID='extract_load_data' AIRFLOW_CTX_TASK_ID='extract_stock_price' AIRFLOW_CTX_EXECUTION_DATE='2024-11-02T19:25:59.648845+00:00' AIRFLOW_CTX_TRY_NUMBER='1' AIRFLOW_CTX_DAG_RUN_ID='manual__2024-11-02T19:25:59.648845+00:00'
[2024-11-02T19:26:02.010+0000] {taskinstance.py:731} INFO - ::endgroup::
[2024-11-02T19:26:02.014+0000] {cache.py:130} INFO - Failed to create TzCache, reason: Error creating TzCache folder: '/home/***/.cache/py-yfinance' reason: [Errno 13] Permission denied: '/home/***/.cache/py-yfinance'. TzCache will not be used. Tip: You can direct cache to use a different location with 'set_tz_cache_location(mylocation)'
[2024-11-02T19:26:02.015+0000] {cache.py:336} INFO - Failed to create CookieCache, reason: Error creating CookieCache folder: '/home/***/.cache/py-yfinance' reason: [Errno 13] Permission denied: '/home/***/.cache/py-yfinance'. CookieCache will not be used. Tip: You can direct cache to use a different location with 'set_tz_cache_location(mylocation)'
[2024-11-02T19:26:02.719+0000] {python.py:240} INFO - Done. Returned value was:            Date        Open        High         Low       Close     Volume
0    2014-01-02   27.714304   27.771200   27.535415   27.656164   73129082
1    2014-01-03   27.702875   27.750827   27.452679   27.454418   66917888
2    2014-01-06   27.653433   27.798778   27.490196   27.760517   71037271
3    2014-01-07   27.951331   28.316314   27.855925   28.295691  102486711
4    2014-01-08   28.473090   28.505886   28.157301   28.354576   90036218
...         ...         ...         ...         ...         ...        ...
2723 2024-10-28  170.589996  170.606003  165.789993  168.339996   20858300
2724 2024-10-29  169.384995  171.860001  168.660004  171.139999   28916100
2725 2024-10-30  182.410004  183.789993  175.744995  176.139999   49698300
2726 2024-10-31  174.720001  178.419998  172.559998  172.690002   32801900
2727 2024-11-01  171.539993  173.820007  170.309998  172.649994   21626900

[2728 rows x 6 columns]
[2024-11-02T19:26:02.838+0000] {taskinstance.py:340} INFO - ::group::Post task execution logs
[2024-11-02T19:26:02.839+0000] {taskinstance.py:352} INFO - Marking task as SUCCESS. dag_id=extract_load_data, task_id=extract_stock_price, run_id=manual__2024-11-02T19:25:59.648845+00:00, execution_date=20241102T192559, start_date=20241102T192601, end_date=20241102T192602
[2024-11-02T19:26:02.875+0000] {local_task_job_runner.py:266} INFO - Task exited with return code 0
[2024-11-02T19:26:02.895+0000] {taskinstance.py:3900} INFO - 1 downstream tasks scheduled from follow-on schedule check
[2024-11-02T19:26:02.896+0000] {local_task_job_runner.py:245} INFO - ::endgroup::
