[2024-11-02T19:52:23.801+0000] {local_task_job_runner.py:123} INFO - ::group::Pre task execution logs
[2024-11-02T19:52:23.815+0000] {taskinstance.py:2612} INFO - Dependencies all met for dep_context=non-requeueable deps ti=<TaskInstance: extract_load_data.extract_stock_price manual__2024-11-02T19:52:20.487539+00:00 [queued]>
[2024-11-02T19:52:23.823+0000] {taskinstance.py:2612} INFO - Dependencies all met for dep_context=requeueable deps ti=<TaskInstance: extract_load_data.extract_stock_price manual__2024-11-02T19:52:20.487539+00:00 [queued]>
[2024-11-02T19:52:23.824+0000] {taskinstance.py:2865} INFO - Starting attempt 1 of 1
[2024-11-02T19:52:23.837+0000] {taskinstance.py:2888} INFO - Executing <Task(_PythonDecoratedOperator): extract_stock_price> on 2024-11-02 19:52:20.487539+00:00
[2024-11-02T19:52:23.843+0000] {warnings.py:112} WARNING - /home/***/.local/lib/python3.12/site-packages/***/task/task_runner/standard_task_runner.py:70: DeprecationWarning: This process (pid=101) is multi-threaded, use of fork() may lead to deadlocks in the child.
  pid = os.fork()

[2024-11-02T19:52:23.845+0000] {standard_task_runner.py:72} INFO - Started process 105 to run task
[2024-11-02T19:52:23.845+0000] {standard_task_runner.py:104} INFO - Running: ['***', 'tasks', 'run', 'extract_load_data', 'extract_stock_price', 'manual__2024-11-02T19:52:20.487539+00:00', '--job-id', '35', '--raw', '--subdir', 'DAGS_FOLDER/extract_load_data.py', '--cfg-path', '/tmp/tmpf8jmsokz']
[2024-11-02T19:52:23.848+0000] {standard_task_runner.py:105} INFO - Job 35: Subtask extract_stock_price
[2024-11-02T19:52:23.894+0000] {task_command.py:467} INFO - Running <TaskInstance: extract_load_data.extract_stock_price manual__2024-11-02T19:52:20.487539+00:00 [running]> on host 1866d1dd18ef
[2024-11-02T19:52:23.979+0000] {taskinstance.py:3131} INFO - Exporting env vars: AIRFLOW_CTX_DAG_OWNER='***' AIRFLOW_CTX_DAG_ID='extract_load_data' AIRFLOW_CTX_TASK_ID='extract_stock_price' AIRFLOW_CTX_EXECUTION_DATE='2024-11-02T19:52:20.487539+00:00' AIRFLOW_CTX_TRY_NUMBER='1' AIRFLOW_CTX_DAG_RUN_ID='manual__2024-11-02T19:52:20.487539+00:00'
[2024-11-02T19:52:23.980+0000] {taskinstance.py:731} INFO - ::endgroup::
[2024-11-02T19:52:23.985+0000] {cache.py:130} INFO - Failed to create TzCache, reason: Error creating TzCache folder: '/home/***/.cache/py-yfinance' reason: [Errno 13] Permission denied: '/home/***/.cache/py-yfinance'. TzCache will not be used. Tip: You can direct cache to use a different location with 'set_tz_cache_location(mylocation)'
[2024-11-02T19:52:23.986+0000] {cache.py:336} INFO - Failed to create CookieCache, reason: Error creating CookieCache folder: '/home/***/.cache/py-yfinance' reason: [Errno 13] Permission denied: '/home/***/.cache/py-yfinance'. CookieCache will not be used. Tip: You can direct cache to use a different location with 'set_tz_cache_location(mylocation)'
[2024-11-02T19:52:24.597+0000] {python.py:240} INFO - Done. Returned value was:            Date        Open        High         Low       Close     Volume
0    2014-01-02    9.986667   10.165333    9.770000   10.006667   92826000
1    2014-01-03   10.000000   10.146000    9.906667    9.970667   70425000
2    2014-01-06   10.000000   10.026667    9.682667    9.800000   80416500
3    2014-01-07    9.841333   10.026667    9.683333    9.957333   75511500
4    2014-01-08    9.923333   10.246667    9.917333   10.085333   92448000
...         ...         ...         ...         ...         ...        ...
2723 2024-10-28  270.000000  273.540009  262.239990  262.510010  107653600
2724 2024-10-29  264.510010  264.980011  255.509995  259.519989   80521800
2725 2024-10-30  258.040009  263.350006  255.820007  257.549988   53993600
2726 2024-10-31  257.989990  259.750000  249.250000  249.850006   66575300
2727 2024-11-01  252.039993  254.000000  246.630005  248.979996   57424000

[2728 rows x 6 columns]
[2024-11-02T19:52:24.686+0000] {taskinstance.py:340} INFO - ::group::Post task execution logs
[2024-11-02T19:52:24.687+0000] {taskinstance.py:352} INFO - Marking task as SUCCESS. dag_id=extract_load_data, task_id=extract_stock_price, run_id=manual__2024-11-02T19:52:20.487539+00:00, execution_date=20241102T195220, start_date=20241102T195223, end_date=20241102T195224
[2024-11-02T19:52:24.723+0000] {local_task_job_runner.py:266} INFO - Task exited with return code 0
[2024-11-02T19:52:24.743+0000] {taskinstance.py:3900} INFO - 1 downstream tasks scheduled from follow-on schedule check
[2024-11-02T19:52:24.744+0000] {local_task_job_runner.py:245} INFO - ::endgroup::
